<?xml version="1.0" encoding="UTF-8" standalone="yes" ?>
<test-results name="D:\cadetill\Documents\GitHub\gmlib_v2\tests\GMLibTests.exe" total="46" errors="0" failures="0" ignored="0" inconclusive="0" not-run="0" skipped="0" invalid="0" date="2026-04-29" time="22:26:36">
  <culture-info current-culture="en" current-uiculture="en" />
  <test-suite type="Assembly" name="GMLibTests.exe" executed="true" result="Success" success="True" time="22:26:36" asserts="0">
    <results>
        <test-suite type="Namespace" name="uTest" executed="true" result="Success" success="True" time="0.001" asserts="0" >
          <results>
              <test-suite type="Fixture" name="TTestGeoCodeModel" executed="True" result="Success" success="True" time="0.000" >
                <results>
                  <test-case name="GeoCodeResponse_FromJson_ParsesPrimaryResult" executed="True" result="Success" success="True" time="0.000" asserts="0" />
                  <test-case name="GeoCodeResponse_TryGetFirstLocation_ReturnsLatLng" executed="True" result="Success" success="True" time="0.000" asserts="0" />
                </results>
              </test-suite>
              <test-suite type="Fixture" name="TTestGroundOverlayModel" executed="True" result="Success" success="True" time="0.000" >
                <results>
                  <test-case name="GroundOverlayOptions_ToJavaScriptLiteral_EmitsUrlAndBounds" executed="True" result="Success" success="True" time="0.000" asserts="0" />
                  <test-case name="GroundOverlay_ProcessMapMessage_Click_InvokesEvent" executed="True" result="Success" success="True" time="0.000" asserts="0" />
                </results>
              </test-suite>
              <test-suite type="Fixture" name="TTestMapOptionsSerialization" executed="True" result="Success" success="True" time="0.000" >
                <results>
                  <test-case name="DefaultOptions_DoNotEmitOptionalPhase1OrPhase2Fields" executed="True" result="Success" success="True" time="0.000" asserts="0" />
                  <test-case name="CameraControl_IsSerializedOnlyAfterExplicitAssignment" executed="True" result="Success" success="True" time="0.000" asserts="0" />
                  <test-case name="InitOnlyOptions_AppearInInitializationLiteralWhenAssigned" executed="True" result="Success" success="True" time="0.000" asserts="0" />
                  <test-case name="Restriction_IsSerializedOnlyWhenBoundsAreComplete" executed="True" result="Success" success="True" time="0.000" asserts="0" />
                  <test-case name="CursorOptions_AreSerializedWhenAssigned" executed="True" result="Success" success="True" time="0.000" asserts="0" />
                  <test-case name="MapTypeControlOptions_SerializeConfiguredMapTypeIds" executed="True" result="Success" success="True" time="0.000" asserts="0" />
                </results>
              </test-suite>
              <test-suite type="Fixture" name="TTestMarkerModel" executed="True" result="Success" success="True" time="0.000" >
                <results>
                  <test-case name="MarkerOptions_ToJavaScriptLiteral_EmitsCoreFields" executed="True" result="Success" success="True" time="0.000" asserts="0" />
                  <test-case name="MarkerOptions_PinContent_IsSerialized" executed="True" result="Success" success="True" time="0.000" asserts="0" />
                  <test-case name="MarkerOptions_HtmlContent_IsSerialized" executed="True" result="Success" success="True" time="0.000" asserts="0" />
                  <test-case name="MarkerOptions_LabelContent_IsSerialized" executed="True" result="Success" success="True" time="0.000" asserts="0" />
                  <test-case name="HiddenMarker_BuildApplyCommand_ReturnsRemoveCommand" executed="True" result="Success" success="True" time="0.000" asserts="0" />
                  <test-case name="Markers_AddOverload_CreatesPositionedMarker" executed="True" result="Success" success="True" time="0.000" asserts="0" />
                  <test-case name="Markers_LoadFromArray_CreatesItems" executed="True" result="Success" success="True" time="0.000" asserts="0" />
                  <test-case name="Markers_LoadFromCSV_CreatesItems" executed="True" result="Success" success="True" time="0.000" asserts="0" />
                  <test-case name="Marker_ProcessMapMessage_FiresOnClick" executed="True" result="Success" success="True" time="0.000" asserts="0" />
                  <test-case name="Marker_ProcessMapMessage_Drag_UpdatesPositionAndFiresEvent" executed="True" result="Success" success="True" time="0.000" asserts="0" />
                  <test-case name="Marker_ProcessMapMessage_DragStart_UpdatesPositionAndFiresEvent" executed="True" result="Success" success="True" time="0.000" asserts="0" />
                  <test-case name="Marker_ProcessMapMessage_DragEnd_UpdatesPositionAndFiresEvent" executed="True" result="Success" success="True" time="0.000" asserts="0" />
                  <test-case name="Marker_ProcessMapMessage_MouseDown_FiresEvent" executed="True" result="Success" success="True" time="0.000" asserts="0" />
                  <test-case name="Marker_ProcessMapMessage_MouseEnter_FiresEvent" executed="True" result="Success" success="True" time="0.000" asserts="0" />
                  <test-case name="Marker_ProcessMapMessage_MouseLeave_FiresEvent" executed="True" result="Success" success="True" time="0.000" asserts="0" />
                  <test-case name="Marker_ProcessMapMessage_MouseUp_FiresEvent" executed="True" result="Success" success="True" time="0.000" asserts="0" />
                  <test-case name="Markers_Assign_CopiesItemsAndOptions" executed="True" result="Success" success="True" time="0.000" asserts="0" />
                  <test-case name="Markers_ZoomToPoints_ForwardsBoundsToViewportHost" executed="True" result="Success" success="True" time="0.000" asserts="0" />
                  <test-case name="MarkerDestruction_RegistersPendingRemoval" executed="True" result="Success" success="True" time="0.000" asserts="0" />
                </results>
              </test-suite>
              <test-suite type="Fixture" name="TTestPolylineModel" executed="True" result="Success" success="True" time="0.000" >
                <results>
                  <test-case name="PolylineOptions_ToJavaScriptLiteral_EmitsCoreFields" executed="True" result="Success" success="True" time="0.000" asserts="0" />
                  <test-case name="HiddenPolyline_BuildApplyCommand_ReturnsRemoveCommand" executed="True" result="Success" success="True" time="0.000" asserts="0" />
                  <test-case name="Polyline_ProcessMapMessage_Click_FiresEvent" executed="True" result="Success" success="True" time="0.000" asserts="0" />
                  <test-case name="Polyline_ProcessMapMessage_ContextMenu_FiresEvent" executed="True" result="Success" success="True" time="0.000" asserts="0" />
                  <test-case name="Polyline_ProcessMapMessage_DblClick_FiresEvent" executed="True" result="Success" success="True" time="0.000" asserts="0" />
                  <test-case name="Polyline_ProcessMapMessage_DragEvents_FireEvents" executed="True" result="Success" success="True" time="0.000" asserts="0" />
                  <test-case name="Polyline_ProcessMapMessage_MouseEvents_FireEvents" executed="True" result="Success" success="True" time="0.000" asserts="0" />
                  <test-case name="Polyline_ProcessMapMessage_PathChanged_UpdatesPathAndFiresEvent" executed="True" result="Success" success="True" time="0.000" asserts="0" />
                  <test-case name="Polylines_Assign_CopiesItemsAndPath" executed="True" result="Success" success="True" time="0.000" asserts="0" />
                  <test-case name="Polylines_ZoomToPoints_ForwardsBoundsToViewportHost" executed="True" result="Success" success="True" time="0.000" asserts="0" />
                  <test-case name="PolylineDestruction_RegistersPendingRemoval" executed="True" result="Success" success="True" time="0.000" asserts="0" />
                </results>
              </test-suite>
              <test-suite type="Fixture" name="TTestRectangleModel" executed="True" result="Success" success="True" time="0.000" >
                <results>
                  <test-case name="RectangleOptions_ToJavaScriptLiteral_EmitsBounds" executed="True" result="Success" success="True" time="0.000" asserts="0" />
                  <test-case name="Rectangle_ProcessMapMessage_BoundsChanged_UpdatesBoundsAndFiresEvent" executed="True" result="Success" success="True" time="0.000" asserts="0" />
                  <test-case name="Rectangle_ProcessMapMessage_InvalidClickPayload_DoesNotFireClickEvent" executed="True" result="Success" success="True" time="0.000" asserts="0" />
                </results>
              </test-suite>
              <test-suite type="Fixture" name="TTestRoutesModel" executed="True" result="Success" success="True" time="0.000" >
                <results>
                  <test-case name="Routes_ExecuteQuery_StoresMultipleResponsesByRequestId" executed="True" result="Success" success="True" time="0.000" asserts="0" />
                  <test-case name="Routes_Clear_RemovesStoredQueriesAndLastResponse" executed="True" result="Success" success="True" time="0.000" asserts="0" />
                  <test-case name="Routes_QueryVisibility_ShowsAndHidesPolylineOnMap" executed="True" result="Success" success="True" time="0.000" asserts="0" />
                </results>
              </test-suite>
          </results>
        </test-suite>
    </results>
  </test-suite>
</test-results>
